0 info it worked if it ends with ok
1 verbose cli [ 'D:\\Program Files\\nodejs\\\\node.exe',
1 verbose cli   'D:\\Program Files\\nodejs\\node_modules\\npm\\bin\\npm-cli.js',
1 verbose cli   'install',
1 verbose cli   'monogoose',
1 verbose cli   '--save' ]
2 info using npm@1.4.28
3 info using node@v0.10.35
4 verbose node symlink D:\Program Files\nodejs\\node.exe
5 warn package.json ease@0.0.0 No repository field.
6 warn package.json ease@0.0.0 No README data
7 verbose readDependencies using package.json deps
8 verbose cache add [ 'monogoose', null ]
9 verbose cache add name=undefined spec="monogoose" args=["monogoose",null]
10 verbose parsed url { protocol: null,
10 verbose parsed url   slashes: null,
10 verbose parsed url   auth: null,
10 verbose parsed url   host: null,
10 verbose parsed url   port: null,
10 verbose parsed url   hostname: null,
10 verbose parsed url   hash: null,
10 verbose parsed url   search: null,
10 verbose parsed url   query: null,
10 verbose parsed url   pathname: 'monogoose',
10 verbose parsed url   path: 'monogoose',
10 verbose parsed url   href: 'monogoose' }
11 silly lockFile 5e2911c6-monogoose monogoose
12 verbose lock monogoose C:\Users\yuyang\AppData\Roaming\npm-cache\5e2911c6-monogoose.lock
13 silly lockFile 5e2911c6-monogoose monogoose
14 silly lockFile 5e2911c6-monogoose monogoose
15 verbose addNamed [ 'monogoose', '' ]
16 verbose addNamed [ null, '*' ]
17 silly lockFile 0ef8b96c-monogoose monogoose@
18 verbose lock monogoose@ C:\Users\yuyang\AppData\Roaming\npm-cache\0ef8b96c-monogoose.lock
19 silly addNameRange { name: 'monogoose', range: '*', hasData: false }
20 verbose request where is /monogoose
21 verbose request registry https://registry.npmjs.org/
22 verbose request id 0311ce7149ba569d
23 verbose url raw /monogoose
24 verbose url resolving [ 'https://registry.npmjs.org/', './monogoose' ]
25 verbose url resolved https://registry.npmjs.org/monogoose
26 verbose request where is https://registry.npmjs.org/monogoose
27 info trying registry request attempt 1 at 17:10:01
28 http GET https://registry.npmjs.org/monogoose
29 http 404 https://registry.npmjs.org/monogoose
30 verbose headers { date: 'Fri, 09 Jan 2015 09:10:11 GMT',
30 verbose headers   server: 'CouchDB/1.5.0 (Erlang OTP/R16B03)',
30 verbose headers   'content-type': 'application/json',
30 verbose headers   'cache-control': 'max-age=0',
30 verbose headers   'content-length': '52',
30 verbose headers   'accept-ranges': 'bytes',
30 verbose headers   via: '1.1 varnish',
30 verbose headers   age: '0',
30 verbose headers   'x-served-by': 'cache-ty68-TYO',
30 verbose headers   'x-cache': 'MISS',
30 verbose headers   'x-cache-hits': '0',
30 verbose headers   'x-timer': 'S1420794611.715097,VS0,VE194',
30 verbose headers   'keep-alive': 'timeout=10, max=50',
30 verbose headers   connection: 'Keep-Alive' }
31 silly registry.get cb [ 404,
31 silly registry.get   { date: 'Fri, 09 Jan 2015 09:10:11 GMT',
31 silly registry.get     server: 'CouchDB/1.5.0 (Erlang OTP/R16B03)',
31 silly registry.get     'content-type': 'application/json',
31 silly registry.get     'cache-control': 'max-age=0',
31 silly registry.get     'content-length': '52',
31 silly registry.get     'accept-ranges': 'bytes',
31 silly registry.get     via: '1.1 varnish',
31 silly registry.get     age: '0',
31 silly registry.get     'x-served-by': 'cache-ty68-TYO',
31 silly registry.get     'x-cache': 'MISS',
31 silly registry.get     'x-cache-hits': '0',
31 silly registry.get     'x-timer': 'S1420794611.715097,VS0,VE194',
31 silly registry.get     'keep-alive': 'timeout=10, max=50',
31 silly registry.get     connection: 'Keep-Alive' } ]
32 silly lockFile 0ef8b96c-monogoose monogoose@
33 silly lockFile 0ef8b96c-monogoose monogoose@
34 error 404 404 Not Found: monogoose
34 error 404
34 error 404 'monogoose' is not in the npm registry.
34 error 404 You should bug the author to publish it
34 error 404 It was specified as a dependency of 'ease'
34 error 404
34 error 404 Note that you can also install from a
34 error 404 tarball, folder, or http url, or git url.
35 error System Windows_NT 6.1.7601
36 error command "D:\\Program Files\\nodejs\\\\node.exe" "D:\\Program Files\\nodejs\\node_modules\\npm\\bin\\npm-cli.js" "install" "monogoose" "--save"
37 error cwd F:\aliyun\ease
38 error node -v v0.10.35
39 error npm -v 1.4.28
40 error code E404
41 verbose exit [ 1, true ]
