0 info it worked if it ends with ok
1 verbose cli [ 'D:\\Program Files\\nodejs\\\\node.exe',
1 verbose cli   'D:\\Program Files\\nodejs\\node_modules\\npm\\bin\\npm-cli.js',
1 verbose cli   'uninstall',
1 verbose cli   'mongoose',
1 verbose cli   '--save' ]
2 info using npm@1.4.28
3 info using node@v0.10.35
4 verbose node symlink D:\Program Files\nodejs\\node.exe
5 verbose node_modules\mongoose unbuild
6 error Error: EPERM, unlink 'F:\aliyun\ease\node_modules\mongoose\node_modules\mongodb\node_modules\bson\ext\win32\ia32\bson.node'
6 error  { [Error: EPERM, unlink 'F:\aliyun\ease\node_modules\mongoose\node_modules\mongodb\node_modules\bson\ext\win32\ia32\bson.node']
6 error   errno: 50,
6 error   code: 'EPERM',
6 error   path: 'F:\\aliyun\\ease\\node_modules\\mongoose\\node_modules\\mongodb\\node_modules\\bson\\ext\\win32\\ia32\\bson.node' }
7 error Please try running this command again as root/Administrator.
8 error System Windows_NT 6.1.7601
9 error command "D:\\Program Files\\nodejs\\\\node.exe" "D:\\Program Files\\nodejs\\node_modules\\npm\\bin\\npm-cli.js" "uninstall" "mongoose" "--save"
10 error cwd F:\aliyun\ease\server
11 error node -v v0.10.35
12 error npm -v 1.4.28
13 error path F:\aliyun\ease\node_modules\mongoose\node_modules\mongodb\node_modules\bson\ext\win32\ia32\bson.node
14 error code EPERM
15 error errno 50
16 error stack Error: EPERM, unlink 'F:\aliyun\ease\node_modules\mongoose\node_modules\mongodb\node_modules\bson\ext\win32\ia32\bson.node'
17 verbose exit [ 50, true ]
